<?xml version="1.0" encoding="utf-8" standalone="no"?>
<!--This file represents the results of running a test suite-->
<test-results name="C:\Users\Dimitry\The-Challenge\TheChallenge\UnitTest\bin\Debug\UnitTest.dll" total="1" errors="0" failures="0" not-run="0" inconclusive="0" ignored="0" skipped="0" invalid="0" date="2012-05-31" time="16:44:21">
  <environment nunit-version="2.6.0.12051" clr-version="2.0.50727.5456" os-version="Microsoft Windows NT 6.1.7601 Service Pack 1" platform="Win32NT" cwd="C:\Users\Dimitry\The-Challenge\TheChallenge\packages\NUnit.Runners.2.6.0.12051\tools" machine-name="DIMA-LAPTOP" user="Dimitry" user-domain="Dima-Laptop" />
  <culture-info current-culture="en-US" current-uiculture="en-US" />
  <test-suite type="Assembly" name="C:\Users\Dimitry\The-Challenge\TheChallenge\UnitTest\bin\Debug\UnitTest.dll" executed="True" result="Success" success="True" time="0.777" asserts="0">
    <results>
      <test-suite type="Namespace" name="UnitTest" executed="True" result="Success" success="True" time="0.761" asserts="0">
        <results>
          <test-suite type="Namespace" name="Cache" executed="True" result="Success" success="True" time="0.755" asserts="0">
            <results>
              <test-suite type="TestFixture" name="RedisTest" executed="True" result="Success" success="True" time="0.748" asserts="0">
                <results>
                  <test-case name="UnitTest.Cache.RedisTest.FlushRedisDataTest" executed="True" result="Success" success="True" time="0.668" asserts="2" />
                </results>
              </test-suite>
            </results>
          </test-suite>
        </results>
      </test-suite>
    </results>
  </test-suite>
</test-results>